<?xml version="1.0" encoding="UTF-8"?>
<!-- Generated by org.testng.reporters.JUnitReportReporter -->
<testsuite hostname="micromedia-PC" failures="0" tests="3" name="At_t_Test.AT_T_HomePageTest" time="14.054" errors="0" timestamp="2021-02-08T10:42:36 EST" skipped="2">
  <testcase classname="At_t_Test.AT_T_HomePageTest" name="sendKeyWordSearch" time="14.054"/>
  <system-out/>
  <testcase classname="At_t_Test.AT_T_HomePageTest" name="SignIN_Account_Test">
    <skipped/>
  </testcase> <!-- SignIN_Account_Test -->
  <system-out/>
  <testcase classname="At_t_Test.AT_T_HomePageTest" name="clickOnDealsTest">
    <skipped/>
  </testcase> <!-- clickOnDealsTest -->
  <system-out/>
</testsuite> <!-- At_t_Test.AT_T_HomePageTest -->
